<?xml version="1.0" encoding="UTF-8"?>
<!-- Generated by org.testng.reporters.JUnitReportReporter -->
<testsuite hostname="DESKTOP-FUGEFD6" failures="0" tests="1" name="com.actitime.testscript.CustomerModule" time="124.621" errors="0" timestamp="2023-01-29T18:20:15 IST" skipped="0">
  <testcase classname="com.actitime.testscript.CustomerModule" name="createProject" time="124.621"/>
  <system-out>
    <![CDATA[createProject
setTasks]]>
  </system-out>
</testsuite> <!-- com.actitime.testscript.CustomerModule -->
